<?xml version="1.0" encoding="UTF-8"?>
<!-- Generated by org.testng.reporters.JUnitReportReporter -->
<testsuite hostname="MIT-WTC-26" failures="0" tests="1" name="Prematric.PrematricProject.School_Profile_Test" time="17.653" errors="0" timestamp="2024-10-29T15:22:30 IST" skipped="0">
  <testcase classname="Prematric.PrematricProject.School_Profile_Test" name="filldata" time="17.653"/>
  <system-out/>
</testsuite> <!-- Prematric.PrematricProject.School_Profile_Test -->
