<?xml version="1.0" encoding="UTF-8"?>
<!-- Generated by org.testng.reporters.JUnitReportReporter -->
<testsuite hostname="MOLPC018" failures="0" tests="1" name="Prematric.PrematricProject.TestLoginPages" time="64.109" errors="0" timestamp="2023-12-29T15:11:16 IST" skipped="0">
  <testcase classname="Prematric.PrematricProject.TestLoginPages" name="Home_Page" time="64.109"/>
  <system-out/>
</testsuite> <!-- Prematric.PrematricProject.TestLoginPages -->
