<?xml version="1.0" encoding="UTF-8"?>
<!-- Generated by org.testng.reporters.JUnitReportReporter -->
<testsuite hostname="MIT-WTC-26" failures="0" tests="1" name="Prematric.PrematricProject.Student_update_aadhar_Test" time="17.466" errors="0" timestamp="2024-11-13T10:52:20 IST" skipped="0">
  <testcase classname="Prematric.PrematricProject.Student_update_aadhar_Test" name="filldata" time="17.466"/>
  <system-out/>
</testsuite> <!-- Prematric.PrematricProject.Student_update_aadhar_Test -->
